<?xml version="1.0" encoding="UTF-8"?>
<!-- Generated by org.testng.reporters.JUnitReportReporter -->
<testsuite hostname="Pranit" failures="0" tests="3" name="BatchTesting.LoginTest" time="0.000" errors="0" timestamp="2021-09-17T13:21:37 IST" skipped="0">
  <testcase classname="BatchTesting.LoginTest" name="loginbyemail" time="0.000"/>
  <system-out/>
  <testcase classname="BatchTesting.LoginTest" name="loginbytwitter" time="0.000"/>
  <system-out/>
  <testcase classname="BatchTesting.LoginTest" name="loginbyfacebook" time="0.000"/>
  <system-out/>
</testsuite> <!-- BatchTesting.LoginTest -->
