<?xml version="1.0" encoding="UTF-8"?>
<!-- Generated by org.testng.reporters.JUnitReportReporter -->
<testsuite hostname="Pranit" failures="0" tests="2" name="BatchTesting.PaymentTest" time="0.000" errors="0" timestamp="2021-09-17T13:21:37 IST" skipped="0">
  <testcase classname="BatchTesting.PaymentTest" name="paymentindollar" time="0.000"/>
  <system-out/>
  <testcase classname="BatchTesting.PaymentTest" name="paymentinrupees" time="0.000"/>
  <system-out/>
</testsuite> <!-- BatchTesting.PaymentTest -->
