<?xml version="1.0" encoding="UTF-8"?>
<!-- Generated by org.testng.reporters.JUnitReportReporter -->
<testsuite hostname="Pranit" failures="0" tests="3" name="BatchTesting.SignupTest" time="0.000" errors="0" timestamp="2021-09-17T13:21:37 IST" skipped="0">
  <testcase classname="BatchTesting.SignupTest" name="signupbymail" time="0.000"/>
  <system-out/>
  <testcase classname="BatchTesting.SignupTest" name="signupbytwitter" time="0.000"/>
  <system-out/>
  <testcase classname="BatchTesting.SignupTest" name="signupbyfacebook" time="0.000"/>
  <system-out/>
</testsuite> <!-- BatchTesting.SignupTest -->
