<?xml version="1.0" encoding="UTF-8"?>
<!-- Generated by org.testng.reporters.JUnitReportReporter -->
<testsuite hostname="Pranit" failures="0" tests="3" name="Pranit.ParallelTest" time="43.139" errors="0" timestamp="2021-09-17T16:10:02 IST" skipped="0">
  <testcase classname="Pranit.ParallelTest" name="logotest" time="21.122"/>
  <system-out/>
  <testcase classname="Pranit.ParallelTest" name="teardown" time="0.027"/>
  <system-out/>
  <testcase classname="Pranit.ParallelTest" name="homepagetitle" time="21.990"/>
  <system-out/>
</testsuite> <!-- Pranit.ParallelTest -->
