<?xml version="1.0" encoding="UTF-8"?>
<!-- Generated by org.testng.reporters.JUnitReportReporter -->
<testsuite hostname="Pranit" failures="0" tests="1" name="Pranit.ParallelTest2" time="27.468" errors="0" timestamp="2021-09-17T16:10:02 IST" skipped="0">
  <testcase classname="Pranit.ParallelTest2" name="Logintest" time="27.468"/>
  <system-out/>
</testsuite> <!-- Pranit.ParallelTest2 -->
